INFO:root:Running OpenFile with filename:example and mode: w
INFO:root:Running OpenFile with filename:example and mode: w
INFO:root:Running OpenFile with filename:example.txt and mode: w
INFO:root:Running OpenFile with filename:example.txt and mode: w
INFO:root:Running OpenFile with filename:example.txt and mode: w
INFO:root:Running OpenFile with filename:example.txt and mode: w
INFO:root:Running OpenFile with filename:example.txt and mode: w
INFO:root:Running OpenFile with filename:example.txt and mode: w
INFO:root:Running OpenFile with filename:example.txt and mode: r
INFO:root:Running OpenFile with filename:example.txt and mode: w
INFO:root:Running OpenFile with filename:reading.txt and mode: r
INFO:root:Running OpenFile with filename:example.txt and mode: w
INFO:root:Running OpenFile with filename:example.txt and mode: r
INFO:root:Running OpenFile with filename:example.txt and mode: w
INFO:root:Running OpenFile with filename:reading.txt and mode: r
INFO:root:Running OpenFile with filename:example.txt and mode: w
INFO:root:Running OpenFile with filename:example.txt and mode: r
INFO:root:Running OpenFile with filename:example.txt and mode: w
INFO:root:Running OpenFile with filename:example.txt and mode: w
INFO:root:Running OpenFile with filename:reading.txt and mode: r
INFO:root:Running OpenFile with filename:example.txt and mode: w
INFO:root:Running OpenFile with filename:example.txt and mode: r
INFO:root:Running OpenFile with filename:example.txt and mode: w
INFO:root:Running OpenFile with filename:reading.txt and mode: r
INFO:root:Running OpenFile with filename:example.txt and mode: w
INFO:root:Running OpenFile with filename:example.txt and mode: r
INFO:root:Running OpenFile with filename:example.txt and mode: w
INFO:root:Running OpenFile with filename:reading.txt and mode: r
INFO:root:Running OpenFile with filename:example.txt and mode: w
INFO:root:Running OpenFile with filename:example.txt and mode: r
INFO:root:Running OpenFile with filename:example.txt and mode: w
INFO:root:Running OpenFile with filename:example.txt and mode: w
INFO:root:Running OpenFile with filename:example.txt and mode: w
INFO:root:Running OpenFile with filename:example.txt and mode: r
INFO:root:Running OpenFile with filename:example.txt and mode: w
INFO:root:Running OpenFile with filename:example.txt and mode: a
INFO:root:Running OpenFile with filename:example.txt and mode: r
INFO:root:Running OpenFile with filename:example.txt and mode: w
INFO:root:Running OpenFile with filename:example.txt and mode: r
INFO:root:Running OpenFile with filename:example.txt and mode: w
INFO:root:Running OpenFile with filename:example.txt and mode: a
INFO:root:Running OpenFile with filename:example.txt and mode: r
INFO:root:Running OpenFile with filename:example.txt and mode: w
INFO:root:Running OpenFile with filename:example.txt and mode: r
INFO:root:Running OpenFile with filename:example.txt and mode: w
INFO:root:Running OpenFile with filename:example.txt and mode: a
INFO:root:Running OpenFile with filename:example.txt and mode: r
INFO:root:Running OpenFile with filename:example.txt and mode: w
INFO:root:Running OpenFile with filename:example.txt and mode: r
